<?xml version="1.0" encoding="UTF-8"?>
<testng-results total="1" passed="1" failed="0" skipped="0">
  <reporter-output>
  </reporter-output>
  <suite started-at="2019-08-10T14:01:25Z" name="Default suite" finished-at="2019-08-10T14:01:25Z" duration-ms="47">
    <groups>
    </groups>
    <test started-at="2019-08-10T14:01:25Z" name="Default test" finished-at="2019-08-10T14:01:25Z" duration-ms="47">
      <class name="highlighelement.highlighelement.highlighelement">
        <test-method signature="highlight()[pri:0, instance:highlighelement.highlighelement.highlighelement@400cff1a]" started-at="2019-08-10T19:31:25Z" name="highlight" finished-at="2019-08-10T19:31:25Z" duration-ms="17" status="PASS">
          <reporter-output>
          </reporter-output>
        </test-method> <!-- highlight -->
      </class> <!-- highlighelement.highlighelement.highlighelement -->
    </test> <!-- Default test -->
  </suite> <!-- Default suite -->
</testng-results>
